# JRE version: OpenJDK Runtime Environment (11.0.13) (build 11.0.13+0-b1751.21-8125866)
# Java VM: OpenJDK 64-Bit Server VM (11.0.13+0-b1751.21-8125866, mixed mode, tiered, compressed oops, g1 gc, windows-amd64)
Heap:
 garbage-first heap   total 196608K, used 35002K [0x0000000741e00000, 0x0000000800000000)
  region size 1024K, 18 young (18432K), 3 survivors (3072K)
 Metaspace       used 35369K, capacity 35797K, committed 35920K, reserved 1081344K
  class space    used 4360K, capacity 4544K, committed 4608K, reserved 1048576K
GC Heap History (7 events):
Event: 25.892 GC heap before
{Heap before GC invocations=0 (full 0):
 garbage-first heap   total 196608K, used 27648K [0x0000000741e00000, 0x0000000800000000)
  region size 1024K, 24 young (24576K), 0 survivors (0K)
 Metaspace       used 12352K, capacity 12472K, committed 12800K, reserved 1060864K
  class space    used 1149K, capacity 1175K, committed 1280K, reserved 1048576K
}
Event: 25.898 GC heap after
{Heap after GC invocations=1 (full 0):
 garbage-first heap   total 196608K, used 5976K [0x0000000741e00000, 0x0000000800000000)
  region size 1024K, 3 young (3072K), 3 survivors (3072K)
 Metaspace       used 12352K, capacity 12472K, committed 12800K, reserved 1060864K
  class space    used 1149K, capacity 1175K, committed 1280K, reserved 1048576K
}
Event: 27.300 GC heap before
{Heap before GC invocations=1 (full 0):
 garbage-first heap   total 196608K, used 41816K [0x0000000741e00000, 0x0000000800000000)
  region size 1024K, 39 young (39936K), 3 survivors (3072K)
 Metaspace       used 20881K, capacity 21087K, committed 21296K, reserved 1069056K
  class space    used 2208K, capacity 2312K, committed 2432K, reserved 1048576K
}
Event: 27.322 GC heap after
{Heap after GC invocations=2 (full 0):
 garbage-first heap   total 196608K, used 9151K [0x0000000741e00000, 0x0000000800000000)
  region size 1024K, 6 young (6144K), 6 survivors (6144K)
 Metaspace       used 20881K, capacity 21087K, committed 21296K, reserved 1069056K
  class space    used 2208K, capacity 2312K, committed 2432K, reserved 1048576K
}
Event: 29.684 GC heap before
{Heap before GC invocations=3 (full 0):
 garbage-first heap   total 196608K, used 62399K [0x0000000741e00000, 0x0000000800000000)
  region size 1024K, 53 young (54272K), 6 survivors (6144K)
 Metaspace       used 32664K, capacity 33108K, committed 33456K, reserved 1079296K
  class space    used 4068K, capacity 4246K, committed 4352K, reserved 1048576K
}
Event: 29.712 GC heap after
{Heap after GC invocations=4 (full 0):
 garbage-first heap   total 196608K, used 20148K [0x0000000741e00000, 0x0000000800000000)
  region size 1024K, 7 young (7168K), 7 survivors (7168K)
 Metaspace       used 32664K, capacity 33108K, committed 33456K, reserved 1079296K
  class space    used 4068K, capacity 4246K, committed 4352K, reserved 1048576K
}
Event: 30.352 GC heap before
{Heap before GC invocations=4 (full 0):
 garbage-first heap   total 196608K, used 34484K [0x0000000741e00000, 0x0000000800000000)
  region size 1024K, 22 young (22528K), 7 survivors (7168K)
 Metaspace       used 35369K, capacity 35797K, committed 35920K, reserved 1081344K
  class space    used 4360K, capacity 4544K, committed 4608K, reserved 1048576K
}

